<?xml version="1.0" encoding="UTF-8"?>
<TestRun id="f5c42cbc-dd38-401f-9215-71689a78a6e5" name="cyc@CYC-PC 2019-04-05 10:16:01" runUser="cyc-PC\cyc" xmlns="http://microsoft.com/schemas/VisualStudio/TeamTest/2010">
  <TestSettings name="本地" id="8c4e436f-9725-448e-9a17-b02765938e51">
    <Description>这些设置为本地测试运行的默认测试设置。</Description>
    <Deployment runDeploymentRoot="cyc_CYC-PC 2019-04-05 10_16_01">
      <DeploymentItem filename="C:\Users\cyc\Desktop\新建文件夹\WordCount\xuyixiaowoaini\WORDCOUNT\WORDCOUNT\bin\Debug\WORDCOUNT.exe" />
    </Deployment>
    <Execution>
      <TestTypeSpecific>
        <UnitTestRunConfig testTypeId="13cdc9d9-ddb5-4fa4-a97d-d965ccfc6d4b">
          <AssemblyResolution>
            <TestDirectory useLoadContext="true" />
          </AssemblyResolution>
        </UnitTestRunConfig>
        <WebTestRunConfiguration testTypeId="4e7599fa-5ecb-43e9-a887-cd63cf72d207">
          <Browser name="Internet Explorer 7.0">
            <Headers>
              <Header name="User-Agent" value="Mozilla/4.0 (compatible; MSIE 7.0; Windows NT 5.1)" />
              <Header name="Accept" value="*/*" />
              <Header name="Accept-Language" value="{{$IEAcceptLanguage}}" />
              <Header name="Accept-Encoding" value="GZIP" />
            </Headers>
          </Browser>
        </WebTestRunConfiguration>
      </TestTypeSpecific>
      <AgentRule name="LocalMachineDefaultRole">
        <DataCollectors>
          <DataCollector uri="datacollector://microsoft/CodeCoverage/1.0" assemblyQualifiedName="Microsoft.VisualStudio.TestTools.CodeCoverage.CoveragePlugIn, Microsoft.VisualStudio.QualityTools.Plugins.CodeCoverage, Version=10.0.0.0, Culture=neutral, PublicKeyToken=b03f5f7f11d50a3a" friendlyName="代码覆盖率">
            <Configuration>
              <CodeCoverage xmlns="">
                <Regular>
                  <CodeCoverageItem binaryFile="C:\Users\cyc\Desktop\新建文件夹\WordCount\xuyixiaowoaini\WORDCOUNT\TestWORDCOUNT\bin\Debug\TestWORDCOUNT.dll" pdbFile="C:\Users\cyc\Desktop\新建文件夹\WordCount\xuyixiaowoaini\WORDCOUNT\TestWORDCOUNT\bin\Debug\TestWORDCOUNT.instr.pdb" instrumentInPlace="true" />
                </Regular>
              </CodeCoverage>
            </Configuration>
          </DataCollector>
        </DataCollectors>
      </AgentRule>
    </Execution>
  </TestSettings>
  <Times creation="2019-04-05T10:16:01.2873664+08:00" queuing="2019-04-05T10:16:02.3864292+08:00" start="2019-04-05T10:16:02.4724342+08:00" finish="2019-04-05T10:16:06.2906525+08:00" />
  <ResultSummary outcome="Completed">
    <Counters total="4" executed="4" passed="4" error="0" failed="0" timeout="0" aborted="0" inconclusive="0" passedButRunAborted="0" notRunnable="0" notExecuted="0" disconnected="0" warning="0" completed="0" inProgress="0" pending="0" />
    <ResultFiles>
      <ResultFile path="CYC-PC\data.coverage" />
    </ResultFiles>
  </ResultSummary>
  <TestDefinitions>
    <UnitTest name="MainTest04" storage="c:\users\cyc\desktop\新建文件夹\wordcount\xuyixiaowoaini\wordcount\testwordcount\bin\debug\testwordcount.dll" id="786463e3-cf2a-917a-20e8-5432aea89a30">
      <Execution id="3df5b3e1-ab70-4f3f-be57-a537ef20a9e9" />
      <TestMethod codeBase="C:/Users/cyc/Desktop/新建文件夹/WordCount/xuyixiaowoaini/WORDCOUNT/TestWORDCOUNT/bin/Debug/TestWORDCOUNT.DLL" adapterTypeName="Microsoft.VisualStudio.TestTools.TestTypes.Unit.UnitTestAdapter, Microsoft.VisualStudio.QualityTools.Tips.UnitTest.Adapter, Version=10.0.0.0, Culture=neutral, PublicKeyToken=b03f5f7f11d50a3a" className="TestWORDCOUNT.UnitTest1, TestWORDCOUNT, Version=1.0.0.0, Culture=neutral, PublicKeyToken=null" name="MainTest04" />
    </UnitTest>
    <UnitTest name="MainTest01" storage="c:\users\cyc\desktop\新建文件夹\wordcount\xuyixiaowoaini\wordcount\testwordcount\bin\debug\testwordcount.dll" id="36cb47e3-2662-1533-6bc9-a15608ffa849">
      <Execution id="bfdf4a85-ca5f-40a0-86f1-050c66b6a691" />
      <TestMethod codeBase="C:/Users/cyc/Desktop/新建文件夹/WordCount/xuyixiaowoaini/WORDCOUNT/TestWORDCOUNT/bin/Debug/TestWORDCOUNT.DLL" adapterTypeName="Microsoft.VisualStudio.TestTools.TestTypes.Unit.UnitTestAdapter, Microsoft.VisualStudio.QualityTools.Tips.UnitTest.Adapter, Version=10.0.0.0, Culture=neutral, PublicKeyToken=b03f5f7f11d50a3a" className="TestWORDCOUNT.UnitTest1, TestWORDCOUNT, Version=1.0.0.0, Culture=neutral, PublicKeyToken=null" name="MainTest01" />
    </UnitTest>
    <UnitTest name="MainTest03" storage="c:\users\cyc\desktop\新建文件夹\wordcount\xuyixiaowoaini\wordcount\testwordcount\bin\debug\testwordcount.dll" id="2f5d819d-89b9-8ea4-ece0-bc980c831c58">
      <Execution id="86a923a7-dc6d-45f3-a4c5-666ec520ad0d" />
      <TestMethod codeBase="C:/Users/cyc/Desktop/新建文件夹/WordCount/xuyixiaowoaini/WORDCOUNT/TestWORDCOUNT/bin/Debug/TestWORDCOUNT.DLL" adapterTypeName="Microsoft.VisualStudio.TestTools.TestTypes.Unit.UnitTestAdapter, Microsoft.VisualStudio.QualityTools.Tips.UnitTest.Adapter, Version=10.0.0.0, Culture=neutral, PublicKeyToken=b03f5f7f11d50a3a" className="TestWORDCOUNT.UnitTest1, TestWORDCOUNT, Version=1.0.0.0, Culture=neutral, PublicKeyToken=null" name="MainTest03" />
    </UnitTest>
    <UnitTest name="MainTest02" storage="c:\users\cyc\desktop\新建文件夹\wordcount\xuyixiaowoaini\wordcount\testwordcount\bin\debug\testwordcount.dll" id="51ed18ea-07e4-e031-318e-4f1b07aecee9">
      <Execution id="b3761f32-528f-4d78-8bdb-f5e50dd61884" />
      <TestMethod codeBase="C:/Users/cyc/Desktop/新建文件夹/WordCount/xuyixiaowoaini/WORDCOUNT/TestWORDCOUNT/bin/Debug/TestWORDCOUNT.DLL" adapterTypeName="Microsoft.VisualStudio.TestTools.TestTypes.Unit.UnitTestAdapter, Microsoft.VisualStudio.QualityTools.Tips.UnitTest.Adapter, Version=10.0.0.0, Culture=neutral, PublicKeyToken=b03f5f7f11d50a3a" className="TestWORDCOUNT.UnitTest1, TestWORDCOUNT, Version=1.0.0.0, Culture=neutral, PublicKeyToken=null" name="MainTest02" />
    </UnitTest>
  </TestDefinitions>
  <TestLists>
    <TestList name="列表中未列出的结果" id="8c84fa94-04c1-424b-9868-57a2d4851a1d" />
    <TestList name="所有已加载的结果" id="19431567-8539-422a-85d7-44ee4e166bda" />
  </TestLists>
  <TestEntries>
    <TestEntry testId="786463e3-cf2a-917a-20e8-5432aea89a30" executionId="3df5b3e1-ab70-4f3f-be57-a537ef20a9e9" testListId="8c84fa94-04c1-424b-9868-57a2d4851a1d" />
    <TestEntry testId="51ed18ea-07e4-e031-318e-4f1b07aecee9" executionId="b3761f32-528f-4d78-8bdb-f5e50dd61884" testListId="8c84fa94-04c1-424b-9868-57a2d4851a1d" />
    <TestEntry testId="2f5d819d-89b9-8ea4-ece0-bc980c831c58" executionId="86a923a7-dc6d-45f3-a4c5-666ec520ad0d" testListId="8c84fa94-04c1-424b-9868-57a2d4851a1d" />
    <TestEntry testId="36cb47e3-2662-1533-6bc9-a15608ffa849" executionId="bfdf4a85-ca5f-40a0-86f1-050c66b6a691" testListId="8c84fa94-04c1-424b-9868-57a2d4851a1d" />
  </TestEntries>
  <Results>
    <UnitTestResult executionId="3df5b3e1-ab70-4f3f-be57-a537ef20a9e9" testId="786463e3-cf2a-917a-20e8-5432aea89a30" testName="MainTest04" computerName="CYC-PC" duration="00:00:00.0423729" startTime="2019-04-05T10:16:04.2195341+08:00" endTime="2019-04-05T10:16:04.9555762+08:00" testType="13cdc9d9-ddb5-4fa4-a97d-d965ccfc6d4b" outcome="Passed" testListId="8c84fa94-04c1-424b-9868-57a2d4851a1d" relativeResultsDirectory="3df5b3e1-ab70-4f3f-be57-a537ef20a9e9">
      <Output>
        <StdOut>字符总数为：7
单词总数为：1
有效行数为：1

词频	单词

1	abcd123</StdOut>
      </Output>
    </UnitTestResult>
    <UnitTestResult executionId="b3761f32-528f-4d78-8bdb-f5e50dd61884" testId="51ed18ea-07e4-e031-318e-4f1b07aecee9" testName="MainTest02" computerName="CYC-PC" duration="00:00:00.0010233" startTime="2019-04-05T10:16:04.9575763+08:00" endTime="2019-04-05T10:16:04.9645767+08:00" testType="13cdc9d9-ddb5-4fa4-a97d-d965ccfc6d4b" outcome="Passed" testListId="8c84fa94-04c1-424b-9868-57a2d4851a1d" relativeResultsDirectory="b3761f32-528f-4d78-8bdb-f5e50dd61884">
      <Output>
        <StdOut>字符总数为：14
单词总数为：3
有效行数为：1

词频	单词

3	abcd</StdOut>
      </Output>
    </UnitTestResult>
    <UnitTestResult executionId="86a923a7-dc6d-45f3-a4c5-666ec520ad0d" testId="2f5d819d-89b9-8ea4-ece0-bc980c831c58" testName="MainTest03" computerName="CYC-PC" duration="00:00:00.0010349" startTime="2019-04-05T10:16:04.9665768+08:00" endTime="2019-04-05T10:16:04.9725772+08:00" testType="13cdc9d9-ddb5-4fa4-a97d-d965ccfc6d4b" outcome="Passed" testListId="8c84fa94-04c1-424b-9868-57a2d4851a1d" relativeResultsDirectory="86a923a7-dc6d-45f3-a4c5-666ec520ad0d">
      <Output>
        <StdOut>字符总数为：8
单词总数为：2
有效行数为：2

词频	单词

2	abcd</StdOut>
      </Output>
    </UnitTestResult>
    <UnitTestResult executionId="bfdf4a85-ca5f-40a0-86f1-050c66b6a691" testId="36cb47e3-2662-1533-6bc9-a15608ffa849" testName="MainTest01" computerName="CYC-PC" duration="00:00:00.0011341" startTime="2019-04-05T10:16:04.9745773+08:00" endTime="2019-04-05T10:16:04.9815777+08:00" testType="13cdc9d9-ddb5-4fa4-a97d-d965ccfc6d4b" outcome="Passed" testListId="8c84fa94-04c1-424b-9868-57a2d4851a1d" relativeResultsDirectory="bfdf4a85-ca5f-40a0-86f1-050c66b6a691">
      <Output>
        <StdOut>字符总数为：7
单词总数为：0
有效行数为：1

词频	单词</StdOut>
      </Output>
    </UnitTestResult>
  </Results>
</TestRun>