<?xml version="1.0" encoding="UTF-8"?>
<TestRun id="daf26b99-88da-4711-bbd6-2ba10096c368" name="cyc@CYC-PC 2019-04-04 22:19:53" runUser="cyc-PC\cyc" xmlns="http://microsoft.com/schemas/VisualStudio/TeamTest/2010">
  <TestSettings name="本地" id="8c4e436f-9725-448e-9a17-b02765938e51">
    <Description>这些设置为本地测试运行的默认测试设置。</Description>
    <Deployment enabled="false" runDeploymentRoot="cyc_CYC-PC 2019-04-04 22_19_53">
      <DeploymentItem filename="C:\Users\cyc\Desktop\新建文件夹\WordCount\xuyixiaowoaini\WORDCOUNT\WORDCOUNT\bin\Debug\WORDCOUNT.exe" />
    </Deployment>
    <Execution>
      <TestTypeSpecific />
      <AgentRule name="Execution Agents">
      </AgentRule>
    </Execution>
  </TestSettings>
  <Times creation="2019-04-04T22:19:53.5220804+08:00" queuing="2019-04-04T22:19:53.5520821+08:00" start="2019-04-04T22:19:53.5780836+08:00" finish="2019-04-04T22:19:54.0021078+08:00" />
  <ResultSummary outcome="Completed">
    <Counters total="1" executed="1" passed="1" error="0" failed="0" timeout="0" aborted="0" inconclusive="0" passedButRunAborted="0" notRunnable="0" notExecuted="0" disconnected="0" warning="0" completed="0" inProgress="0" pending="0" />
  </ResultSummary>
  <TestDefinitions>
    <UnitTest name="MainTest02" storage="c:\users\cyc\desktop\新建文件夹\wordcount\xuyixiaowoaini\wordcount\testwordcount\bin\debug\testwordcount.dll" id="51ed18ea-07e4-e031-318e-4f1b07aecee9">
      <Execution id="87424cb2-b9d8-4f62-a47a-e49689266395" />
      <TestMethod codeBase="C:/Users/cyc/Desktop/新建文件夹/WordCount/xuyixiaowoaini/WORDCOUNT/TestWORDCOUNT/bin/Debug/TestWORDCOUNT.DLL" adapterTypeName="Microsoft.VisualStudio.TestTools.TestTypes.Unit.UnitTestAdapter, Microsoft.VisualStudio.QualityTools.Tips.UnitTest.Adapter, Version=10.0.0.0, Culture=neutral, PublicKeyToken=b03f5f7f11d50a3a" className="TestWORDCOUNT.UnitTest1, TestWORDCOUNT, Version=1.0.0.0, Culture=neutral, PublicKeyToken=null" name="MainTest02" />
    </UnitTest>
  </TestDefinitions>
  <TestLists>
    <TestList name="列表中未列出的结果" id="8c84fa94-04c1-424b-9868-57a2d4851a1d" />
    <TestList name="所有已加载的结果" id="19431567-8539-422a-85d7-44ee4e166bda" />
  </TestLists>
  <TestEntries>
    <TestEntry testId="51ed18ea-07e4-e031-318e-4f1b07aecee9" executionId="87424cb2-b9d8-4f62-a47a-e49689266395" testListId="8c84fa94-04c1-424b-9868-57a2d4851a1d" />
  </TestEntries>
  <Results>
    <UnitTestResult executionId="87424cb2-b9d8-4f62-a47a-e49689266395" testId="51ed18ea-07e4-e031-318e-4f1b07aecee9" testName="MainTest02" computerName="CYC-PC" duration="00:00:00.0166133" startTime="2019-04-04T22:19:53.5870841+08:00" endTime="2019-04-04T22:19:53.9851069+08:00" testType="13cdc9d9-ddb5-4fa4-a97d-d965ccfc6d4b" outcome="Passed" testListId="8c84fa94-04c1-424b-9868-57a2d4851a1d" relativeResultsDirectory="87424cb2-b9d8-4f62-a47a-e49689266395">
      <Output>
        <StdOut>字符总数为：14
单词总数为：3
有效行数为：1

词频	单词

3	abcd</StdOut>
      </Output>
    </UnitTestResult>
  </Results>
</TestRun>